[0.406s] DEBUG:colcon:Command line arguments: ['/usr/bin/colcon', 'build']
[0.407s] DEBUG:colcon:Parsed command line arguments: Namespace(log_base=None, log_level=None, verb_name='build', build_base='build', install_base='install', merge_install=False, symlink_install=False, test_result_base=None, continue_on_error=False, executor='parallel', parallel_workers=8, event_handlers=None, ignore_user_meta=False, metas=['./colcon.meta'], base_paths=['.'], packages_ignore=None, packages_ignore_regex=None, paths=None, packages_up_to=None, packages_up_to_regex=None, packages_above=None, packages_above_and_dependencies=None, packages_above_depth=None, packages_select_by_dep=None, packages_skip_by_dep=None, packages_skip_up_to=None, packages_select_build_failed=False, packages_skip_build_finished=False, packages_select_test_failures=False, packages_skip_test_passed=False, packages_select=None, packages_skip=None, packages_select_regex=None, packages_skip_regex=None, packages_start=None, packages_end=None, allow_overriding=[], cmake_args=None, cmake_target=None, cmake_target_skip_unavailable=False, cmake_clean_cache=False, cmake_clean_first=False, cmake_force_configure=False, ament_cmake_args=None, catkin_cmake_args=None, catkin_skip_building_tests=False, mixin_files=None, mixin=None, verb_parser=<colcon_mixin.mixin.mixin_argument.MixinArgumentDecorator object at 0x780bdcfac4a0>, verb_extension=<colcon_core.verb.build.BuildVerb object at 0x780bdcf65130>, main=<bound method BuildVerb.main of <colcon_core.verb.build.BuildVerb object at 0x780bdcf65130>>, mixin_verb=('build',))
[0.484s] Level 1:colcon.colcon_core.package_discovery:discover_packages(colcon_meta) check parameters
[0.484s] Level 1:colcon.colcon_core.package_discovery:discover_packages(recursive) check parameters
[0.484s] Level 1:colcon.colcon_core.package_discovery:discover_packages(ignore) check parameters
[0.484s] Level 1:colcon.colcon_core.package_discovery:discover_packages(path) check parameters
[0.484s] Level 1:colcon.colcon_core.package_discovery:discover_packages(colcon_meta) discover
[0.484s] Level 1:colcon.colcon_core.package_discovery:discover_packages(recursive) discover
[0.484s] INFO:colcon.colcon_core.package_discovery:Crawling recursively for packages in '/home/greenfoot/ros2_ws/ardi_v1.0.0'
[0.484s] Level 1:colcon.colcon_core.package_identification:_identify(.) by extensions ['ignore', 'ignore_ament_install']
[0.485s] Level 1:colcon.colcon_core.package_identification:_identify(.) by extension 'ignore'
[0.485s] Level 1:colcon.colcon_core.package_identification:_identify(.) by extension 'ignore_ament_install'
[0.485s] Level 1:colcon.colcon_core.package_identification:_identify(.) by extensions ['colcon_pkg']
[0.485s] Level 1:colcon.colcon_core.package_identification:_identify(.) by extension 'colcon_pkg'
[0.485s] Level 1:colcon.colcon_core.package_identification:_identify(.) by extensions ['colcon_meta']
[0.485s] Level 1:colcon.colcon_core.package_identification:_identify(.) by extension 'colcon_meta'
[0.485s] Level 1:colcon.colcon_core.package_identification:_identify(.) by extensions ['ros']
[0.485s] Level 1:colcon.colcon_core.package_identification:_identify(.) by extension 'ros'
[0.539s] Level 1:colcon.colcon_core.package_identification:_identify(.) by extensions ['cmake', 'python']
[0.539s] Level 1:colcon.colcon_core.package_identification:_identify(.) by extension 'cmake'
[0.540s] Level 1:colcon.colcon_core.package_identification:_identify(.) by extension 'python'
[0.540s] Level 1:colcon.colcon_core.package_identification:_identify(.) by extensions ['python_setup_py']
[0.540s] Level 1:colcon.colcon_core.package_identification:_identify(.) by extension 'python_setup_py'
[0.540s] Level 1:colcon.colcon_core.package_identification:_identify(ardi) by extensions ['ignore', 'ignore_ament_install']
[0.540s] Level 1:colcon.colcon_core.package_identification:_identify(ardi) by extension 'ignore'
[0.540s] Level 1:colcon.colcon_core.package_identification:_identify(ardi) by extension 'ignore_ament_install'
[0.540s] Level 1:colcon.colcon_core.package_identification:_identify(ardi) by extensions ['colcon_pkg']
[0.540s] Level 1:colcon.colcon_core.package_identification:_identify(ardi) by extension 'colcon_pkg'
[0.540s] Level 1:colcon.colcon_core.package_identification:_identify(ardi) by extensions ['colcon_meta']
[0.540s] Level 1:colcon.colcon_core.package_identification:_identify(ardi) by extension 'colcon_meta'
[0.540s] Level 1:colcon.colcon_core.package_identification:_identify(ardi) by extensions ['ros']
[0.540s] Level 1:colcon.colcon_core.package_identification:_identify(ardi) by extension 'ros'
[0.545s] DEBUG:colcon.colcon_core.package_identification:Package 'ardi' with type 'ros.ament_cmake' and name 'ardi'
[0.545s] Level 1:colcon.colcon_core.package_identification:_identify(build) by extensions ['ignore', 'ignore_ament_install']
[0.545s] Level 1:colcon.colcon_core.package_identification:_identify(build) by extension 'ignore'
[0.545s] Level 1:colcon.colcon_core.package_identification:_identify(build) ignored
[0.546s] Level 1:colcon.colcon_core.package_identification:_identify(install) by extensions ['ignore', 'ignore_ament_install']
[0.546s] Level 1:colcon.colcon_core.package_identification:_identify(install) by extension 'ignore'
[0.546s] Level 1:colcon.colcon_core.package_identification:_identify(install) ignored
[0.546s] Level 1:colcon.colcon_core.package_identification:_identify(log) by extensions ['ignore', 'ignore_ament_install']
[0.546s] Level 1:colcon.colcon_core.package_identification:_identify(log) by extension 'ignore'
[0.546s] Level 1:colcon.colcon_core.package_identification:_identify(log) ignored
[0.546s] Level 1:colcon.colcon_core.package_discovery:discover_packages(recursive) using defaults
[0.546s] Level 1:colcon.colcon_core.package_discovery:discover_packages(ignore) discover
[0.546s] Level 1:colcon.colcon_core.package_discovery:discover_packages(ignore) using defaults
[0.546s] Level 1:colcon.colcon_core.package_discovery:discover_packages(path) discover
[0.546s] Level 1:colcon.colcon_core.package_discovery:discover_packages(path) using defaults
[0.582s] Level 1:colcon.colcon_core.package_discovery:discover_packages(prefix_path) check parameters
[0.582s] Level 1:colcon.colcon_core.package_discovery:discover_packages(prefix_path) discover
[0.596s] DEBUG:colcon.colcon_installed_package_information.package_discovery:Found 4 installed packages in /home/greenfoot/ros2_ws/install
[0.597s] DEBUG:colcon.colcon_installed_package_information.package_discovery:Found 4 installed packages in /home/greenfoot/install
[0.600s] DEBUG:colcon.colcon_installed_package_information.package_discovery:Found 370 installed packages in /opt/ros/jazzy
[0.602s] Level 1:colcon.colcon_core.package_discovery:discover_packages(prefix_path) using defaults
[0.732s] Level 5:colcon.colcon_core.verb:set package 'ardi' build argument 'cmake_args' from command line to 'None'
[0.733s] Level 5:colcon.colcon_core.verb:set package 'ardi' build argument 'cmake_target' from command line to 'None'
[0.733s] Level 5:colcon.colcon_core.verb:set package 'ardi' build argument 'cmake_target_skip_unavailable' from command line to 'False'
[0.733s] Level 5:colcon.colcon_core.verb:set package 'ardi' build argument 'cmake_clean_cache' from command line to 'False'
[0.733s] Level 5:colcon.colcon_core.verb:set package 'ardi' build argument 'cmake_clean_first' from command line to 'False'
[0.733s] Level 5:colcon.colcon_core.verb:set package 'ardi' build argument 'cmake_force_configure' from command line to 'False'
[0.733s] Level 5:colcon.colcon_core.verb:set package 'ardi' build argument 'ament_cmake_args' from command line to 'None'
[0.733s] Level 5:colcon.colcon_core.verb:set package 'ardi' build argument 'catkin_cmake_args' from command line to 'None'
[0.733s] Level 5:colcon.colcon_core.verb:set package 'ardi' build argument 'catkin_skip_building_tests' from command line to 'False'
[0.733s] DEBUG:colcon.colcon_core.verb:Building package 'ardi' with the following arguments: {'ament_cmake_args': None, 'build_base': '/home/greenfoot/ros2_ws/ardi_v1.0.0/build/ardi', 'catkin_cmake_args': None, 'catkin_skip_building_tests': False, 'cmake_args': None, 'cmake_clean_cache': False, 'cmake_clean_first': False, 'cmake_force_configure': False, 'cmake_target': None, 'cmake_target_skip_unavailable': False, 'install_base': '/home/greenfoot/ros2_ws/ardi_v1.0.0/install/ardi', 'merge_install': False, 'path': '/home/greenfoot/ros2_ws/ardi_v1.0.0/ardi', 'symlink_install': False, 'test_result_base': None}
[0.733s] INFO:colcon.colcon_core.executor:Executing jobs using 'parallel' executor
[0.735s] DEBUG:colcon.colcon_parallel_executor.executor.parallel:run_until_complete
[0.735s] INFO:colcon.colcon_ros.task.ament_cmake.build:Building ROS package in '/home/greenfoot/ros2_ws/ardi_v1.0.0/ardi' with build type 'ament_cmake'
[0.736s] INFO:colcon.colcon_cmake.task.cmake.build:Building CMake package in '/home/greenfoot/ros2_ws/ardi_v1.0.0/ardi'
[0.745s] INFO:colcon.colcon_core.plugin_system:Skipping extension 'colcon_core.shell.bat': Not used on non-Windows systems
[0.746s] INFO:colcon.colcon_core.shell:Skip shell extension 'powershell' for command environment: Not usable outside of PowerShell
[0.746s] DEBUG:colcon.colcon_core.shell:Skip shell extension 'dsv' for command environment
[0.761s] DEBUG:colcon.colcon_core.event_handler.log_command:Invoking command in '/home/greenfoot/ros2_ws/ardi_v1.0.0/build/ardi': CMAKE_PREFIX_PATH=${CMAKE_PREFIX_PATH}:/opt/ros/jazzy DEBUGINFOD_URLS=https://debuginfod.ubuntu.com /usr/bin/cmake /home/greenfoot/ros2_ws/ardi_v1.0.0/ardi -DCMAKE_INSTALL_PREFIX=/home/greenfoot/ros2_ws/ardi_v1.0.0/install/ardi
[5.808s] DEBUG:colcon.colcon_core.event_handler.log_command:Invoked command in '/home/greenfoot/ros2_ws/ardi_v1.0.0/build/ardi' returned '0': CMAKE_PREFIX_PATH=${CMAKE_PREFIX_PATH}:/opt/ros/jazzy DEBUGINFOD_URLS=https://debuginfod.ubuntu.com /usr/bin/cmake /home/greenfoot/ros2_ws/ardi_v1.0.0/ardi -DCMAKE_INSTALL_PREFIX=/home/greenfoot/ros2_ws/ardi_v1.0.0/install/ardi
[5.810s] DEBUG:colcon.colcon_core.event_handler.log_command:Invoking command in '/home/greenfoot/ros2_ws/ardi_v1.0.0/build/ardi': CMAKE_PREFIX_PATH=${CMAKE_PREFIX_PATH}:/opt/ros/jazzy DEBUGINFOD_URLS=https://debuginfod.ubuntu.com /usr/bin/cmake --build /home/greenfoot/ros2_ws/ardi_v1.0.0/build/ardi -- -j8 -l8
[5.873s] DEBUG:colcon.colcon_core.event_handler.log_command:Invoked command in '/home/greenfoot/ros2_ws/ardi_v1.0.0/build/ardi' returned '0': CMAKE_PREFIX_PATH=${CMAKE_PREFIX_PATH}:/opt/ros/jazzy DEBUGINFOD_URLS=https://debuginfod.ubuntu.com /usr/bin/cmake --build /home/greenfoot/ros2_ws/ardi_v1.0.0/build/ardi -- -j8 -l8
[5.888s] DEBUG:colcon.colcon_core.event_handler.log_command:Invoking command in '/home/greenfoot/ros2_ws/ardi_v1.0.0/build/ardi': CMAKE_PREFIX_PATH=${CMAKE_PREFIX_PATH}:/opt/ros/jazzy DEBUGINFOD_URLS=https://debuginfod.ubuntu.com /usr/bin/cmake --install /home/greenfoot/ros2_ws/ardi_v1.0.0/build/ardi
[5.918s] Level 1:colcon.colcon_core.environment:create_environment_scripts_only(ardi)
[5.919s] DEBUG:colcon.colcon_core.event_handler.log_command:Invoked command in '/home/greenfoot/ros2_ws/ardi_v1.0.0/build/ardi' returned '0': CMAKE_PREFIX_PATH=${CMAKE_PREFIX_PATH}:/opt/ros/jazzy DEBUGINFOD_URLS=https://debuginfod.ubuntu.com /usr/bin/cmake --install /home/greenfoot/ros2_ws/ardi_v1.0.0/build/ardi
[5.928s] Level 1:colcon.colcon_core.environment:checking '/home/greenfoot/ros2_ws/ardi_v1.0.0/install/ardi' for CMake module files
[5.928s] Level 1:colcon.colcon_core.environment:checking '/home/greenfoot/ros2_ws/ardi_v1.0.0/install/ardi' for CMake config files
[5.928s] Level 1:colcon.colcon_core.shell:create_environment_hook('ardi', 'cmake_prefix_path')
[5.929s] INFO:colcon.colcon_core.shell:Creating environment hook '/home/greenfoot/ros2_ws/ardi_v1.0.0/install/ardi/share/ardi/hook/cmake_prefix_path.ps1'
[5.930s] INFO:colcon.colcon_core.shell:Creating environment descriptor '/home/greenfoot/ros2_ws/ardi_v1.0.0/install/ardi/share/ardi/hook/cmake_prefix_path.dsv'
[5.931s] INFO:colcon.colcon_core.shell:Creating environment hook '/home/greenfoot/ros2_ws/ardi_v1.0.0/install/ardi/share/ardi/hook/cmake_prefix_path.sh'
[5.932s] Level 1:colcon.colcon_core.environment:checking '/home/greenfoot/ros2_ws/ardi_v1.0.0/install/ardi/bin'
[5.932s] Level 1:colcon.colcon_core.environment:checking '/home/greenfoot/ros2_ws/ardi_v1.0.0/install/ardi/lib/pkgconfig/ardi.pc'
[5.932s] Level 1:colcon.colcon_core.environment:checking '/home/greenfoot/ros2_ws/ardi_v1.0.0/install/ardi/lib/python3.12/site-packages'
[5.932s] Level 1:colcon.colcon_core.environment:checking '/home/greenfoot/ros2_ws/ardi_v1.0.0/install/ardi/bin'
[5.933s] INFO:colcon.colcon_core.shell:Creating package script '/home/greenfoot/ros2_ws/ardi_v1.0.0/install/ardi/share/ardi/package.ps1'
[5.934s] INFO:colcon.colcon_core.shell:Creating package descriptor '/home/greenfoot/ros2_ws/ardi_v1.0.0/install/ardi/share/ardi/package.dsv'
[5.935s] INFO:colcon.colcon_core.shell:Creating package script '/home/greenfoot/ros2_ws/ardi_v1.0.0/install/ardi/share/ardi/package.sh'
[5.936s] INFO:colcon.colcon_core.shell:Creating package script '/home/greenfoot/ros2_ws/ardi_v1.0.0/install/ardi/share/ardi/package.bash'
[5.937s] INFO:colcon.colcon_core.shell:Creating package script '/home/greenfoot/ros2_ws/ardi_v1.0.0/install/ardi/share/ardi/package.zsh'
[5.938s] Level 1:colcon.colcon_core.environment:create_file_with_runtime_dependencies(/home/greenfoot/ros2_ws/ardi_v1.0.0/install/ardi/share/colcon-core/packages/ardi)
[5.939s] Level 1:colcon.colcon_core.environment:create_environment_scripts_only(ardi)
[5.939s] Level 1:colcon.colcon_core.environment:checking '/home/greenfoot/ros2_ws/ardi_v1.0.0/install/ardi' for CMake module files
[5.940s] Level 1:colcon.colcon_core.environment:checking '/home/greenfoot/ros2_ws/ardi_v1.0.0/install/ardi' for CMake config files
[5.940s] Level 1:colcon.colcon_core.shell:create_environment_hook('ardi', 'cmake_prefix_path')
[5.940s] INFO:colcon.colcon_core.shell:Creating environment hook '/home/greenfoot/ros2_ws/ardi_v1.0.0/install/ardi/share/ardi/hook/cmake_prefix_path.ps1'
[5.941s] INFO:colcon.colcon_core.shell:Creating environment descriptor '/home/greenfoot/ros2_ws/ardi_v1.0.0/install/ardi/share/ardi/hook/cmake_prefix_path.dsv'
[5.941s] INFO:colcon.colcon_core.shell:Creating environment hook '/home/greenfoot/ros2_ws/ardi_v1.0.0/install/ardi/share/ardi/hook/cmake_prefix_path.sh'
[5.942s] Level 1:colcon.colcon_core.environment:checking '/home/greenfoot/ros2_ws/ardi_v1.0.0/install/ardi/bin'
[5.942s] Level 1:colcon.colcon_core.environment:checking '/home/greenfoot/ros2_ws/ardi_v1.0.0/install/ardi/lib/pkgconfig/ardi.pc'
[5.942s] Level 1:colcon.colcon_core.environment:checking '/home/greenfoot/ros2_ws/ardi_v1.0.0/install/ardi/lib/python3.12/site-packages'
[5.943s] Level 1:colcon.colcon_core.environment:checking '/home/greenfoot/ros2_ws/ardi_v1.0.0/install/ardi/bin'
[5.943s] INFO:colcon.colcon_core.shell:Creating package script '/home/greenfoot/ros2_ws/ardi_v1.0.0/install/ardi/share/ardi/package.ps1'
[5.944s] INFO:colcon.colcon_core.shell:Creating package descriptor '/home/greenfoot/ros2_ws/ardi_v1.0.0/install/ardi/share/ardi/package.dsv'
[5.944s] INFO:colcon.colcon_core.shell:Creating package script '/home/greenfoot/ros2_ws/ardi_v1.0.0/install/ardi/share/ardi/package.sh'
[5.945s] INFO:colcon.colcon_core.shell:Creating package script '/home/greenfoot/ros2_ws/ardi_v1.0.0/install/ardi/share/ardi/package.bash'
[5.945s] INFO:colcon.colcon_core.shell:Creating package script '/home/greenfoot/ros2_ws/ardi_v1.0.0/install/ardi/share/ardi/package.zsh'
[5.946s] Level 1:colcon.colcon_core.environment:create_file_with_runtime_dependencies(/home/greenfoot/ros2_ws/ardi_v1.0.0/install/ardi/share/colcon-core/packages/ardi)
[5.946s] DEBUG:colcon.colcon_parallel_executor.executor.parallel:closing loop
[5.947s] DEBUG:colcon.colcon_parallel_executor.executor.parallel:loop closed
[5.947s] DEBUG:colcon.colcon_parallel_executor.executor.parallel:run_until_complete finished with '0'
[5.947s] DEBUG:colcon.colcon_core.event_reactor:joining thread
[5.960s] INFO:colcon.colcon_core.plugin_system:Skipping extension 'colcon_notification.desktop_notification.terminal_notifier': Not used on non-Darwin systems
[5.961s] INFO:colcon.colcon_core.plugin_system:Skipping extension 'colcon_notification.desktop_notification.win32': Not used on non-Windows systems
[5.961s] INFO:colcon.colcon_notification.desktop_notification:Sending desktop notification using 'notify2'
[6.419s] DEBUG:colcon.colcon_core.event_reactor:joined thread
[6.419s] INFO:colcon.colcon_core.shell:Creating prefix script '/home/greenfoot/ros2_ws/ardi_v1.0.0/install/local_setup.ps1'
[6.421s] INFO:colcon.colcon_core.shell:Creating prefix util module '/home/greenfoot/ros2_ws/ardi_v1.0.0/install/_local_setup_util_ps1.py'
[6.423s] INFO:colcon.colcon_core.shell:Creating prefix chain script '/home/greenfoot/ros2_ws/ardi_v1.0.0/install/setup.ps1'
[6.425s] INFO:colcon.colcon_core.shell:Creating prefix script '/home/greenfoot/ros2_ws/ardi_v1.0.0/install/local_setup.sh'
[6.426s] INFO:colcon.colcon_core.shell:Creating prefix util module '/home/greenfoot/ros2_ws/ardi_v1.0.0/install/_local_setup_util_sh.py'
[6.426s] INFO:colcon.colcon_core.shell:Creating prefix chain script '/home/greenfoot/ros2_ws/ardi_v1.0.0/install/setup.sh'
[6.429s] INFO:colcon.colcon_core.shell:Creating prefix script '/home/greenfoot/ros2_ws/ardi_v1.0.0/install/local_setup.bash'
[6.430s] INFO:colcon.colcon_core.shell:Creating prefix chain script '/home/greenfoot/ros2_ws/ardi_v1.0.0/install/setup.bash'
[6.433s] INFO:colcon.colcon_core.shell:Creating prefix script '/home/greenfoot/ros2_ws/ardi_v1.0.0/install/local_setup.zsh'
[6.434s] INFO:colcon.colcon_core.shell:Creating prefix chain script '/home/greenfoot/ros2_ws/ardi_v1.0.0/install/setup.zsh'
