[0.024s] Invoking command in '/home/greenfoot/ros2_ws/ardi_v1.0.0/build/ardi': CMAKE_PREFIX_PATH=${CMAKE_PREFIX_PATH}:/opt/ros/jazzy DEBUGINFOD_URLS=https://debuginfod.ubuntu.com /usr/bin/cmake /home/greenfoot/ros2_ws/ardi_v1.0.0/ardi -DCMAKE_INSTALL_PREFIX=/home/greenfoot/ros2_ws/ardi_v1.0.0/install/ardi
[0.542s] -- The C compiler identification is GNU 13.3.0
[1.921s] -- The CXX compiler identification is GNU 13.3.0
[3.100s] -- Detecting C compiler ABI info
[3.635s] -- Detecting C compiler ABI info - done
[3.646s] -- Check for working C compiler: /usr/bin/cc - skipped
[3.647s] -- Detecting C compile features
[3.648s] -- Detecting C compile features - done
[3.842s] -- Detecting CXX compiler ABI info
[4.380s] -- Detecting CXX compiler ABI info - done
[4.390s] -- Check for working CXX compiler: /usr/bin/c++ - skipped
[4.390s] -- Detecting CXX compile features
[4.391s] -- Detecting CXX compile features - done
[4.434s] -- Found ament_cmake: 2.5.4 (/opt/ros/jazzy/share/ament_cmake/cmake)
[4.655s] -- Found Python3: /usr/bin/python3 (found version "3.12.3") found components: Interpreter 
[4.874s] -- Found ament_lint_auto: 0.17.3 (/opt/ros/jazzy/share/ament_lint_auto/cmake)
[5.041s] -- Added test 'flake8' to check Python code syntax and style conventions
[5.041s] -- Configured 'flake8' exclude dirs and/or files: 
[5.044s] -- Added test 'lint_cmake' to check CMake code style
[5.046s] -- Added test 'pep257' to check Python code against some of the docstring style conventions in PEP 257
[5.051s] -- Added test 'xmllint' to check XML markup files
[5.056s] -- Configuring done (5.0s)
[5.062s] -- Generating done (0.0s)
[5.065s] -- Build files have been written to: /home/greenfoot/ros2_ws/ardi_v1.0.0/build/ardi
[5.072s] Invoked command in '/home/greenfoot/ros2_ws/ardi_v1.0.0/build/ardi' returned '0': CMAKE_PREFIX_PATH=${CMAKE_PREFIX_PATH}:/opt/ros/jazzy DEBUGINFOD_URLS=https://debuginfod.ubuntu.com /usr/bin/cmake /home/greenfoot/ros2_ws/ardi_v1.0.0/ardi -DCMAKE_INSTALL_PREFIX=/home/greenfoot/ros2_ws/ardi_v1.0.0/install/ardi
[5.073s] Invoking command in '/home/greenfoot/ros2_ws/ardi_v1.0.0/build/ardi': CMAKE_PREFIX_PATH=${CMAKE_PREFIX_PATH}:/opt/ros/jazzy DEBUGINFOD_URLS=https://debuginfod.ubuntu.com /usr/bin/cmake --build /home/greenfoot/ros2_ws/ardi_v1.0.0/build/ardi -- -j8 -l8
[5.136s] Invoked command in '/home/greenfoot/ros2_ws/ardi_v1.0.0/build/ardi' returned '0': CMAKE_PREFIX_PATH=${CMAKE_PREFIX_PATH}:/opt/ros/jazzy DEBUGINFOD_URLS=https://debuginfod.ubuntu.com /usr/bin/cmake --build /home/greenfoot/ros2_ws/ardi_v1.0.0/build/ardi -- -j8 -l8
[5.151s] Invoking command in '/home/greenfoot/ros2_ws/ardi_v1.0.0/build/ardi': CMAKE_PREFIX_PATH=${CMAKE_PREFIX_PATH}:/opt/ros/jazzy DEBUGINFOD_URLS=https://debuginfod.ubuntu.com /usr/bin/cmake --install /home/greenfoot/ros2_ws/ardi_v1.0.0/build/ardi
[5.163s] -- Install configuration: ""
[5.163s] -- Installing: /home/greenfoot/ros2_ws/ardi_v1.0.0/install/ardi/share/ardi/launch
[5.165s] -- Installing: /home/greenfoot/ros2_ws/ardi_v1.0.0/install/ardi/share/ardi/launch/robotstate.launch.py
[5.165s] -- Installing: /home/greenfoot/ros2_ws/ardi_v1.0.0/install/ardi/share/ardi/launch/robotmodel.launch.py
[5.166s] -- Installing: /home/greenfoot/ros2_ws/ardi_v1.0.0/install/ardi/share/ardi/urdf
[5.166s] -- Installing: /home/greenfoot/ros2_ws/ardi_v1.0.0/install/ardi/share/ardi/urdf/robot_model.urdf
[5.167s] -- Installing: /home/greenfoot/ros2_ws/ardi_v1.0.0/install/ardi/share/ardi/urdf/inertial_macros.xacro
[5.168s] -- Installing: /home/greenfoot/ros2_ws/ardi_v1.0.0/install/ardi/share/ardi/urdf/robot_plugins.gazebo
[5.169s] -- Installing: /home/greenfoot/ros2_ws/ardi_v1.0.0/install/ardi/share/ardi/config
[5.169s] -- Installing: /home/greenfoot/ros2_ws/ardi_v1.0.0/install/ardi/share/ardi/config/gazebo_bridge.yaml
[5.170s] -- Installing: /home/greenfoot/ros2_ws/ardi_v1.0.0/install/ardi/share/ardi/worlds
[5.170s] -- Installing: /home/greenfoot/ros2_ws/ardi_v1.0.0/install/ardi/share/ardi/worlds/empty.world
[5.171s] -- Installing: /home/greenfoot/ros2_ws/ardi_v1.0.0/install/ardi/share/ardi/worlds/obstacles.world
[5.171s] -- Installing: /home/greenfoot/ros2_ws/ardi_v1.0.0/install/ardi/share/ardi/rviz
[5.172s] -- Installing: /home/greenfoot/ros2_ws/ardi_v1.0.0/install/ardi/share/ardi/rviz/bot.rviz
[5.174s] -- Installing: /home/greenfoot/ros2_ws/ardi_v1.0.0/install/ardi/share/ament_index/resource_index/package_run_dependencies/ardi
[5.174s] -- Installing: /home/greenfoot/ros2_ws/ardi_v1.0.0/install/ardi/share/ament_index/resource_index/parent_prefix_path/ardi
[5.175s] -- Installing: /home/greenfoot/ros2_ws/ardi_v1.0.0/install/ardi/share/ardi/environment/ament_prefix_path.sh
[5.175s] -- Installing: /home/greenfoot/ros2_ws/ardi_v1.0.0/install/ardi/share/ardi/environment/ament_prefix_path.dsv
[5.175s] -- Installing: /home/greenfoot/ros2_ws/ardi_v1.0.0/install/ardi/share/ardi/environment/path.sh
[5.176s] -- Installing: /home/greenfoot/ros2_ws/ardi_v1.0.0/install/ardi/share/ardi/environment/path.dsv
[5.176s] -- Installing: /home/greenfoot/ros2_ws/ardi_v1.0.0/install/ardi/share/ardi/local_setup.bash
[5.176s] -- Installing: /home/greenfoot/ros2_ws/ardi_v1.0.0/install/ardi/share/ardi/local_setup.sh
[5.177s] -- Installing: /home/greenfoot/ros2_ws/ardi_v1.0.0/install/ardi/share/ardi/local_setup.zsh
[5.177s] -- Installing: /home/greenfoot/ros2_ws/ardi_v1.0.0/install/ardi/share/ardi/local_setup.dsv
[5.177s] -- Installing: /home/greenfoot/ros2_ws/ardi_v1.0.0/install/ardi/share/ardi/package.dsv
[5.178s] -- Installing: /home/greenfoot/ros2_ws/ardi_v1.0.0/install/ardi/share/ament_index/resource_index/packages/ardi
[5.179s] -- Installing: /home/greenfoot/ros2_ws/ardi_v1.0.0/install/ardi/share/ardi/cmake/ardiConfig.cmake
[5.179s] -- Installing: /home/greenfoot/ros2_ws/ardi_v1.0.0/install/ardi/share/ardi/cmake/ardiConfig-version.cmake
[5.180s] -- Installing: /home/greenfoot/ros2_ws/ardi_v1.0.0/install/ardi/share/ardi/package.xml
[5.182s] Invoked command in '/home/greenfoot/ros2_ws/ardi_v1.0.0/build/ardi' returned '0': CMAKE_PREFIX_PATH=${CMAKE_PREFIX_PATH}:/opt/ros/jazzy DEBUGINFOD_URLS=https://debuginfod.ubuntu.com /usr/bin/cmake --install /home/greenfoot/ros2_ws/ardi_v1.0.0/build/ardi
